  갤러그.c
c:\users\sinna\google 드라이브\visual studio 2015\projects\갤러그\갤러그\갤러그.c(85): warning C4244: '함수': 'time_t'에서 'unsigned int'(으)로 변환하면서 데이터가 손실될 수 있습니다.
c:\users\sinna\google 드라이브\visual studio 2015\projects\갤러그\갤러그\갤러그.c(106): warning C4996: 'fopen': This function or variable may be unsafe. Consider using fopen_s instead. To disable deprecation, use _CRT_SECURE_NO_WARNINGS. See online help for details.
  c:\program files (x86)\windows kits\10\include\10.0.10240.0\ucrt\stdio.h(205): note: 'fopen' 선언을 참조하십시오.
c:\users\sinna\google 드라이브\visual studio 2015\projects\갤러그\갤러그\갤러그.c(115): warning C4996: 'fscanf': This function or variable may be unsafe. Consider using fscanf_s instead. To disable deprecation, use _CRT_SECURE_NO_WARNINGS. See online help for details.
  c:\program files (x86)\windows kits\10\include\10.0.10240.0\ucrt\stdio.h(1193): note: 'fscanf' 선언을 참조하십시오.
c:\users\sinna\google 드라이브\visual studio 2015\projects\갤러그\갤러그\갤러그.c(201): warning C4996: 'getch': The POSIX name for this item is deprecated. Instead, use the ISO C and C++ conformant name: _getch. See online help for details.
  c:\program files (x86)\windows kits\10\include\10.0.10240.0\ucrt\conio.h(452): note: 'getch' 선언을 참조하십시오.
c:\users\sinna\google 드라이브\visual studio 2015\projects\갤러그\갤러그\갤러그.c(383): warning C4996: 'getch': The POSIX name for this item is deprecated. Instead, use the ISO C and C++ conformant name: _getch. See online help for details.
  c:\program files (x86)\windows kits\10\include\10.0.10240.0\ucrt\conio.h(452): note: 'getch' 선언을 참조하십시오.
c:\users\sinna\google 드라이브\visual studio 2015\projects\갤러그\갤러그\갤러그.c(503): warning C4244: '함수': 'time_t'에서 'unsigned int'(으)로 변환하면서 데이터가 손실될 수 있습니다.
c:\users\sinna\google 드라이브\visual studio 2015\projects\갤러그\갤러그\갤러그.c(530): warning C4553: '==': 의미 없는 연산자입니다. '='을(를) 사용하려고 했습니까?
c:\users\sinna\google 드라이브\visual studio 2015\projects\갤러그\갤러그\갤러그.c(543): warning C4244: '함수': 'time_t'에서 'unsigned int'(으)로 변환하면서 데이터가 손실될 수 있습니다.
c:\users\sinna\google 드라이브\visual studio 2015\projects\갤러그\갤러그\갤러그.c(606): warning C4013: 'gets'이(가) 정의되지 않았습니다. extern은 int형을 반환하는 것으로 간주합니다.
c:\users\sinna\google 드라이브\visual studio 2015\projects\갤러그\갤러그\갤러그.c(579): warning C4047: '초기화 중': 'char'의 간접 참조 수준이 'void *'과(와) 다릅니다.
c:\users\sinna\google 드라이브\visual studio 2015\projects\갤러그\갤러그\갤러그.c(584): warning C4996: 'fopen': This function or variable may be unsafe. Consider using fopen_s instead. To disable deprecation, use _CRT_SECURE_NO_WARNINGS. See online help for details.
  c:\program files (x86)\windows kits\10\include\10.0.10240.0\ucrt\stdio.h(205): note: 'fopen' 선언을 참조하십시오.
c:\users\sinna\google 드라이브\visual studio 2015\projects\갤러그\갤러그\갤러그.c(593): warning C4996: 'fscanf': This function or variable may be unsafe. Consider using fscanf_s instead. To disable deprecation, use _CRT_SECURE_NO_WARNINGS. See online help for details.
  c:\program files (x86)\windows kits\10\include\10.0.10240.0\ucrt\stdio.h(1193): note: 'fscanf' 선언을 참조하십시오.
c:\users\sinna\google 드라이브\visual studio 2015\projects\갤러그\갤러그\갤러그.c(599): warning C4996: 'fopen': This function or variable may be unsafe. Consider using fopen_s instead. To disable deprecation, use _CRT_SECURE_NO_WARNINGS. See online help for details.
  c:\program files (x86)\windows kits\10\include\10.0.10240.0\ucrt\stdio.h(205): note: 'fopen' 선언을 참조하십시오.
c:\users\sinna\google 드라이브\visual studio 2015\projects\갤러그\갤러그\갤러그.c(629): warning C4047: '초기화 중': 'char'의 간접 참조 수준이 'void *'과(와) 다릅니다.
c:\users\sinna\google 드라이브\visual studio 2015\projects\갤러그\갤러그\갤러그.c(634): warning C4996: 'fopen': This function or variable may be unsafe. Consider using fopen_s instead. To disable deprecation, use _CRT_SECURE_NO_WARNINGS. See online help for details.
  c:\program files (x86)\windows kits\10\include\10.0.10240.0\ucrt\stdio.h(205): note: 'fopen' 선언을 참조하십시오.
c:\users\sinna\google 드라이브\visual studio 2015\projects\갤러그\갤러그\갤러그.c(642): warning C4996: 'fscanf': This function or variable may be unsafe. Consider using fscanf_s instead. To disable deprecation, use _CRT_SECURE_NO_WARNINGS. See online help for details.
  c:\program files (x86)\windows kits\10\include\10.0.10240.0\ucrt\stdio.h(1193): note: 'fscanf' 선언을 참조하십시오.
c:\users\sinna\google 드라이브\visual studio 2015\projects\갤러그\갤러그\갤러그.c(236): warning C4715: 'select_num': 모든 제어 경로에서 값을 반환하지는 않습니다.
  갤러그.vcxproj -> C:\Users\sinna\Google 드라이브\Visual Studio 2015\Projects\갤러그\x64\Debug\갤러그.exe
